[21:23:38] [Render thread/INFO] [JMLogger] JourneyMap log initialized.
[21:23:38] [Render thread/INFO] [JourneymapClient] initialize ENTER
[21:23:38] [Render thread/INFO] [ClientAPI] [ClientAPI] built with JourneyMap API 1.9-SNAPSHOT
[21:23:38] [Render thread/INFO] [PluginHelper] Initializing plugins with Client API: journeymap.client.api.impl.ClientAPI
[21:23:38] [Render thread/INFO] [PluginHelper] Initialized IClientPlugin: net.blay09.mods.waystones.compat.JourneyMapIntegration
[21:23:38] [Render thread/DEBUG] [JourneymapClient] Loading and Generating Journeymap configs
[21:23:38] [Render thread/INFO] [?] Version: JourneyMap 1.20.1-5.10.3, built with forge 1.20.1-47.2.30
forge: 47.4.0
Environment: os.name, os.arch, java.version, user.country, user.language=null, game language=en_gb, locale=en_gb
Features: 
	RadarPlayers : singleplayer = true , multiplayer = true
	RadarAnimals : singleplayer = true , multiplayer = true
	RadarMobs : singleplayer = true , multiplayer = true
	RadarVillagers : singleplayer = true , multiplayer = true
	MapTopo : singleplayer = true , multiplayer = true
	MapSurface : singleplayer = true , multiplayer = true
	MapCaves : singleplayer = true , multiplayer = true
	MapBiome : singleplayer = true , multiplayer = true
MiniMapProperties{state=Valid, file=journeymap.minimap.config, configVersion=5.10.3, zoomLevel=0, compassFontScale=1.0, terrainAlpha=100, showEntityNames=true, positionX=0.9, positionY=0.25, effectVertical=false, showPlayerHeading=true, sizePercent=30, playerDisplayScale=1.0, showDayNight=true, showPets=true, preferredMapType=day, showCompass=true, mobDisplay=jm.common.entity_display.dots, systemTimeRealFormat=HH:mm:ss, shape=jm.minimap.shape_circle, showSelf=true, selfDisplayScale=1.0, showGrid=true, reticleOrientation=jm.minimap.orientation.compass, gameTimeRealFormat=HH:mm:ss, effectTranslateX=0, showWaypoints=true, minimapKeyMovementSpeed=0.001, showAnimals=true, infoSlotAlpha=0.7, effectTranslateY=0, showWaypointLabels=true, moveEffectIcons=true, position=jm.minimap.position_topright, fontScale=1.0, showPlayers=true, waypointIconScale=1.0, frameAlpha=100, effectReversed=false, backgroundAlpha=0.8, enabled=true, showVillagers=true, info2Label=jm.theme.labelsource.gametime, info3Label=jm.theme.labelsource.location, showMobs=true, waypointLabelScale=1.0, showReticle=true, orientation=jm.minimap.orientation.north, info4Label=jm.theme.labelsource.biome, locationFormat=xzyv, playerDisplay=jm.common.entity_display.dots, mobDisplayScale=1.0, showCaves=true, showMobHeading=true, locationFormatVerbose=true, info1Label=jm.theme.labelsource.blank}
MiniMapProperties{state=Valid, file=journeymap.minimap2.config, configVersion=5.10.3, zoomLevel=0, compassFontScale=1.0, terrainAlpha=100, showEntityNames=true, positionX=0.9, positionY=0.25, effectVertical=false, showPlayerHeading=true, sizePercent=30, playerDisplayScale=1.0, showDayNight=true, showPets=true, preferredMapType=day, showCompass=true, mobDisplay=jm.common.entity_display.dots, systemTimeRealFormat=HH:mm:ss, shape=jm.minimap.shape_rectangle, showSelf=true, selfDisplayScale=1.0, showGrid=true, reticleOrientation=jm.minimap.orientation.compass, gameTimeRealFormat=HH:mm:ss, effectTranslateX=0, showWaypoints=true, minimapKeyMovementSpeed=0.001, showAnimals=true, infoSlotAlpha=0.7, effectTranslateY=0, showWaypointLabels=true, moveEffectIcons=true, position=jm.minimap.position_topright, fontScale=1.0, showPlayers=true, waypointIconScale=1.0, frameAlpha=100, effectReversed=false, backgroundAlpha=0.8, enabled=true, showVillagers=true, info2Label=jm.theme.labelsource.gametime, info3Label=jm.theme.labelsource.location, showMobs=true, waypointLabelScale=1.0, showReticle=true, orientation=jm.minimap.orientation.north, info4Label=jm.theme.labelsource.biome, locationFormat=xzyv, playerDisplay=jm.common.entity_display.dots, mobDisplayScale=1.0, showCaves=true, showMobHeading=true, locationFormatVerbose=true, info1Label=jm.theme.labelsource.blank}
FullMapProperties{state=Valid, file=journeymap.fullmap.config, configVersion=5.10.3, zoomLevel=1, showPlayers=true, waypointIconScale=1.0, showEntityNames=true, showPlayerHeading=true, showVillagers=true, showPlayerLoc=true, showKeys=true, playerDisplayScale=1.0, showMobs=true, showPets=true, waypointLabelScale=1.0, preferredMapType=day, mobDisplay=jm.common.entity_display.dots, showSelf=true, locationFormat=xzyv, playerDisplay=jm.common.entity_display.dots, mobDisplayScale=1.0, selfDisplayScale=1.0, showGrid=true, showMouseLoc=true, showWaypoints=true, showCaves=true, showAnimals=true, showMobHeading=true, showWaypointLabels=true, locationFormatVerbose=true, fontScale=1.0}
WaypointProperties{state=Valid, file=journeymap.waypoint.config, configVersion=5.10.3, autoRemoveDeathpointDistance=2, dateFormat=dd-MM-yy, autoRemoveDeathpoints=false, fullscreenDoubleClickToCreate=true, managerDimensionFocus=false, minDistance=4, boldLabel=false, textureSmall=true, showDeathpointlabel=true, beaconEnabled=true, createDeathpoints=true, showName=true, disableStrikeThrough=false, maxDistance=0, autoHideLabel=true, autoRemoveTempWaypoints=2, teleportCommand=/tp {name} {x} {y} {z}, showStaticBeam=false, shaderBeacon=false, timeFormat=HH:mm:ss, showDeviationLabel=false, showDistance=true, showRotatingBeam=false, fontScale=2.0, showTexture=true, managerEnabled=true}
WebMapProperties{state=Valid, file=journeymap.webmap.config, configVersion=5.10.3, port=8080, enabled=false}
CoreProperties{state=Valid, file=journeymap.core.config, configVersion=5.10.3, verboseColorPalette=false, maxPlayersData=32, mapSurfaceAboveCaves=true, dataCachingEnabled=true, optionsManagerViewed=5.10.3, announceMod=true, colorPassive=#bbbbbb, mapBlendWater=false, renderDistanceSurfaceMax=0, seedId=false, radarVerticalDistance=16, mapBlendGrass=true, recordCacheStats=false, hideSneakingEntities=true, revealShape=jm.minimap.shape_circle, mapBiome=true, alwaysMapSurface=false, colorVillager=#88e188, mapPlants=false, colorPet=#0077ff, radarLateralDistance=64, mapBathymetry=false, mapCrops=true, maxMobsData=32, mapPlantShadows=false, alwaysMapCaves=false, checkUpdates=false, mapBlendFoliage=true, hideSpectators=false, mappingEnabled=true, colorPlayer=#ffffff, tileHighDisplayQuality=true, cacheVillagersData=2200, logLevel=INFO, maxVillagersData=32, mapWaterBiomeColors=false, maxAnimalsData=32, mapTransparency=true, caveBlackAsClear=false, tileRenderType=1, caveIgnoreGlass=true, mapTopography=true, renderDistanceCaveMax=0, mapAntialiasing=true, colorSelf=#0000ff, cachePlayersData=2000, cacheMobsData=3000, cachePlayerData=1000, splashViewed=5.10.3, colorHostile=#ff0000, cacheAnimalsData=3100, themeName=OceanMonument, mapCaveLighting=true, renderDelay=2, glErrorChecking=false, autoMapPoll=2000}
[21:23:38] [Render thread/DEBUG] [ForgeEventHandlerManager] Handler registered: journeymap.client.event.forge.ForgeKeyEvents
[21:23:38] [Render thread/DEBUG] [ForgeEventHandlerManager] Handler registered: journeymap.client.event.forge.ForgeChatEvents
[21:23:38] [Render thread/DEBUG] [ForgeEventHandlerManager] Handler registered: journeymap.client.event.forge.ForgeHudOverlayEvents
[21:23:38] [Render thread/DEBUG] [ForgeEventHandlerManager] Handler registered: journeymap.client.event.forge.ForgeWorldEvent
[21:23:38] [Render thread/DEBUG] [ForgeEventHandlerManager] Handler registered: journeymap.client.event.forge.ForgeChunkEvents
[21:23:38] [Render thread/DEBUG] [ForgeEventHandlerManager] Handler registered: journeymap.client.event.forge.ForgeClientTickEvent
[21:23:38] [Render thread/DEBUG] [ForgeEventHandlerManager] Handler registered: journeymap.client.event.forge.ForgeRenderLevelLastEvent
[21:23:38] [Render thread/DEBUG] [ForgeEventHandlerManager] Handler registered: journeymap.client.event.forge.ForgeLoggedInEvent
[21:23:38] [Render thread/DEBUG] [ForgeEventHandlerManager] Handler registered: journeymap.client.event.forge.ForgeTextureStitchedEvent
[21:23:38] [Render thread/DEBUG] [ForgeEventHandlerManager] Handler registered: journeymap.client.event.forge.ForgePopupCustomEvents
[21:23:38] [Render thread/INFO] [JourneymapClient] initialize EXIT, elapsed count 1 avg 135.71ms
[21:23:55] [Render thread/INFO] [JourneymapClient] Journeymap PostInit
[21:23:55] [Render thread/DEBUG] [JourneymapClient] postInitialize ENTER
[21:23:55] [Render thread/TRACE] [ThemeLoader] Initializing themes ...
[21:23:55] [Render thread/INFO] [ThemeLoader] Preloaded theme textures: 73
[21:23:55] [Render thread/INFO] [VersionCheck] Update check disabled in properties file.
[21:23:55] [Render thread/INFO] [JourneymapClient] postInitialize EXIT, elapsed count 1 avg 153.92ms
[21:30:26] [Server thread/INFO] [ForgeConfig] Loading JourneyMap Forge Configs
[21:31:17] [Render thread/INFO] [WaypointStore] Loaded 1 waypoints from F:\Modrinth\profiles\The OG3 Pack 1.20.1 v1.0\journeymap\data\sp\123456789\waypoints
[21:31:17] [Render thread/INFO] [JourneymapClient] Mapping started in F:\Modrinth\profiles\The OG3 Pack 1.20.1 v1.0\journeymap\data\sp\123456789\overworld. Memory: 14544MB total, 4310MB free 
[21:31:17] [Render thread/INFO] [WaypointGroupStore] Loaded WaypointGroups file F:\Modrinth\profiles\The OG3 Pack 1.20.1 v1.0\journeymap\data\sp\123456789\waypoints\waypoint_groups.json
[21:31:17] [Render thread/INFO] [WaypointGroupStore] Created WaypointGroups file: F:\Modrinth\profiles\The OG3 Pack 1.20.1 v1.0\journeymap\data\sp\123456789\waypoints\waypoint_groups.json
[21:31:18] [JM-task-3/INFO] [ModBlockDelegate] Custom modded block handling enabled for create
[21:31:20] [Render thread/INFO] [ChatLog] JourneyMap: Press [J]
[21:31:27] [Render thread/WARN] [JMLogger] Can't get entityTexture for goblintraders:textures/entity_icon/goblin_trader.png
[21:31:27] [Render thread/WARN] [JMLogger] Can't get entityTexture for creeperoverhaul:textures/entity_icon/plains/plains_creeper.png
[21:31:55] [Render thread/WARN] [JMLogger] Can't get entityTexture for quark:textures/entity_icon/stoneling/shale.png
[21:31:55] [Render thread/WARN] [JMLogger] Can't get entityTexture for alexsmobs:textures/entity_icon/cockroach.png
[21:31:58] [Render thread/WARN] [JMLogger] minecraft:missingno doesn't have /entity/ in path, so can't look for /entity_icon/
[21:31:58] [Render thread/WARN] [JMLogger] Can't get entityTexture for eidolon:textures/entity_icon/wraith.png
[21:33:30] [Render thread/WARN] [JMLogger] Can't get entityTexture for eidolon:textures/entity_icon/zombie_brute.png
[21:34:42] [Render thread/WARN] [JMLogger] Can't get entityTexture for quark:textures/entity_icon/stoneling/tuff.png
[21:36:35] [Render thread/WARN] [JMLogger] Can't get entityTexture for alexsmobs:textures/entity_icon/cave_centipede.png
[21:36:35] [Render thread/WARN] [JMLogger] Can't get entityTexture for irons_spellbooks:textures/entity_icon/necromancer.png
[21:36:38] [Render thread/WARN] [JMLogger] Can't get entityTexture for rottencreatures:textures/entity_icon/undead_miner/undead_miner_stone.png
[21:37:13] [Render thread/WARN] [JMLogger] Can't get entityTexture for quark:textures/entity_icon/stoneling/deepslate.png
[21:42:41] [Render thread/WARN] [JMLogger] Can't get entityTexture for creeperoverhaul:textures/entity_icon/plains/plains_creeper.png
[21:42:41] [Render thread/WARN] [JMLogger] Can't get entityTexture for eidolon:textures/entity_icon/zombie_brute.png
[21:42:46] [Render thread/WARN] [JMLogger] Can't get entityTexture for alexsmobs:textures/entity_icon/cockroach.png
[21:44:16] [Render thread/WARN] [JMLogger] Can't get entityTexture for eidolon:textures/entity_icon/wraith.png
[21:48:36] [Render thread/WARN] [JMLogger] minecraft:missingno doesn't have /entity/ in path, so can't look for /entity_icon/
[21:48:36] [Render thread/WARN] [JMLogger] Can't get entityTexture for quark:textures/entity_icon/stoneling/dripstone.png
[21:49:58] [Render thread/WARN] [JMLogger] Can't get entityTexture for quark:textures/entity_icon/stoneling/tuff.png
[21:49:58] [Render thread/WARN] [JMLogger] Can't get entityTexture for alexsmobs:textures/entity_icon/cave_centipede.png
[21:50:01] [Render thread/WARN] [JMLogger] Can't get entityTexture for quark:textures/entity_icon/stoneling/shale.png
[21:50:01] [Render thread/WARN] [JMLogger] Can't get entityTexture for irons_spellbooks:textures/entity_icon/necromancer.png
[21:56:08] [Render thread/WARN] [JMLogger] Can't get entityTexture for alexsmobs:textures/entity_icon/lobster_red.png
[21:56:34] [Render thread/INFO] [StatTimer] TileDrawStep.updateRegionTexture hit max count, 1000000
[21:56:35] [Render thread/INFO] [StatTimer] TileDrawStep.draw(low) hit max count, 1000000
[22:00:56] [Render thread/WARN] [JMLogger] Can't get entityTexture for quark:textures/entity_icon/stoneling/deepslate.png
[22:01:06] [Render thread/WARN] [JMLogger] Can't get entityTexture for alexsmobs:textures/entity_icon/lobster_yellow.png
[22:02:12] [Render thread/WARN] [JMLogger] Can't get entityTexture for rottencreatures:textures/entity_icon/burned/burned.png
[22:02:29] [Render thread/WARN] [JMLogger] minecraft:missingno doesn't have /entity/ in path, so can't look for /entity_icon/
[22:02:29] [Render thread/WARN] [JMLogger] Can't get entityTexture for creeperoverhaul:textures/entity_icon/plains/plains_creeper.png
[22:02:29] [Render thread/WARN] [JMLogger] Can't get entityTexture for eidolon:textures/entity_icon/zombie_brute.png
[22:02:29] [Render thread/WARN] [JMLogger] Can't get entityTexture for eidolon:textures/entity_icon/wraith.png
[22:02:37] [Render thread/WARN] [JMLogger] Can't get entityTexture for quark:textures/entity_icon/stoneling/tuff.png
[22:03:29] [Render thread/WARN] [JMLogger] Can't get entityTexture for alexsmobs:textures/entity_icon/cockroach.png
[22:03:29] [Render thread/WARN] [JMLogger] Can't get entityTexture for alexsmobs:textures/entity_icon/cave_centipede.png
[22:03:36] [Render thread/WARN] [JMLogger] Can't get entityTexture for quark:textures/entity_icon/stoneling/shale.png
[22:04:14] [Render thread/WARN] [JMLogger] Can't get entityTexture for quark:textures/entity_icon/stoneling/calcite.png
[22:04:48] [Render thread/WARN] [JMLogger] Can't get entityTexture for irons_spellbooks:textures/entity_icon/necromancer.png
[22:10:29] [Render thread/WARN] [JMLogger] Can't get entityTexture for quark:textures/entity_icon/stoneling/deepslate.png
[22:11:45] [Render thread/WARN] [JMLogger] Can't get entityTexture for rottencreatures:textures/entity_icon/undead_miner/undead_miner_iron.png
[22:12:19] [Render thread/WARN] [JMLogger] Can't get entityTexture for rottencreatures:textures/entity_icon/undead_miner/undead_miner_stone.png
[22:15:39] [Render thread/WARN] [JMLogger] Can't get entityTexture for goblintraders:textures/entity_icon/goblin_trader.png
[22:16:08] [Render thread/WARN] [JMLogger] Can't get entityTexture for quark:textures/entity_icon/stoneling/dripstone.png
[22:17:28] [Render thread/WARN] [JMLogger] Can't get entityTexture for eidolon:textures/entity_icon/wraith.png
[22:17:28] [Render thread/WARN] [JMLogger] Can't get entityTexture for creeperoverhaul:textures/entity_icon/plains/plains_creeper.png
[22:17:31] [Render thread/WARN] [JMLogger] Can't get entityTexture for goblintraders:textures/entity_icon/goblin_trader.png
[22:17:31] [Render thread/WARN] [JMLogger] Can't get entityTexture for irons_spellbooks:textures/entity_icon/necromancer.png
[22:17:33] [Render thread/WARN] [JMLogger] Can't get entityTexture for quark:textures/entity_icon/stoneling/dripstone.png
[22:17:33] [Render thread/WARN] [JMLogger] Can't get entityTexture for quark:textures/entity_icon/stoneling/tuff.png
[22:17:33] [Render thread/WARN] [JMLogger] Can't get entityTexture for alexsmobs:textures/entity_icon/cockroach.png
[22:17:33] [Render thread/WARN] [JMLogger] minecraft:missingno doesn't have /entity/ in path, so can't look for /entity_icon/
[22:32:25] [Render thread/WARN] [JMLogger] Can't get entityTexture for eidolon:textures/entity_icon/zombie_brute.png
[22:35:08] [Render thread/INFO] [JourneymapClient] Mapping halted in F:\Modrinth\profiles\The OG3 Pack 1.20.1 v1.0\journeymap\data\mp\offline\minecraft:overworld
[22:35:10] [Server thread/INFO] [ForgeConfig] Loading JourneyMap Forge Configs
